1685302707.070682 client started (72827): version 3.0a, socket /tmp/tmux-1001/default, protocol 8
1685302707.070752 on Linux 5.10.102.1-microsoft-standard-WSL2 #1 SMP Wed Mar 2 00:30:59 UTC 2022; libevent 2.1.11-stable (poll)
1685302707.070765 socket is /tmp/tmux-1001/default
1685302707.070788 trying connect
1685302707.070846 add peer 0x564d67a1cc80: 6 ((nil))
1685302707.070891 sending message 100 to peer 0x564d67a1cc80 (4 bytes)
1685302707.070896 sending message 101 to peer 0x564d67a1cc80 (16 bytes)
1685302707.070898 sending message 102 to peer 0x564d67a1cc80 (11 bytes)
1685302707.070901 sending message 108 to peer 0x564d67a1cc80 (30 bytes)
1685302707.070905 sending message 104 to peer 0x564d67a1cc80 (0 bytes)
1685302707.070908 sending message 107 to peer 0x564d67a1cc80 (4 bytes)
1685302707.070910 sending message 105 to peer 0x564d67a1cc80 (16 bytes)
1685302707.070913 sending message 105 to peer 0x564d67a1cc80 (61 bytes)
1685302707.070916 sending message 105 to peer 0x564d67a1cc80 (24 bytes)
1685302707.070918 sending message 105 to peer 0x564d67a1cc80 (29 bytes)
1685302707.070921 sending message 105 to peer 0x564d67a1cc80 (36 bytes)
1685302707.070924 sending message 105 to peer 0x564d67a1cc80 (48 bytes)
1685302707.070926 sending message 105 to peer 0x564d67a1cc80 (14 bytes)
1685302707.070929 sending message 105 to peer 0x564d67a1cc80 (34 bytes)
1685302707.070952 sending message 105 to peer 0x564d67a1cc80 (15 bytes)
1685302707.070959 sending message 105 to peer 0x564d67a1cc80 (18 bytes)
1685302707.070961 sending message 105 to peer 0x564d67a1cc80 (13 bytes)
1685302707.070965 sending message 105 to peer 0x564d67a1cc80 (33 bytes)
1685302707.070968 sending message 105 to peer 0x564d67a1cc80 (1515 bytes)
1685302707.070975 sending message 105 to peer 0x564d67a1cc80 (26 bytes)
1685302707.070978 sending message 105 to peer 0x564d67a1cc80 (26 bytes)
1685302707.070981 sending message 105 to peer 0x564d67a1cc80 (34 bytes)
1685302707.070983 sending message 105 to peer 0x564d67a1cc80 (21 bytes)
1685302707.070986 sending message 105 to peer 0x564d67a1cc80 (32 bytes)
1685302707.070988 sending message 105 to peer 0x564d67a1cc80 (12 bytes)
1685302707.070992 sending message 105 to peer 0x564d67a1cc80 (13 bytes)
1685302707.070994 sending message 105 to peer 0x564d67a1cc80 (11 bytes)
1685302707.070998 sending message 105 to peer 0x564d67a1cc80 (8 bytes)
1685302707.071000 sending message 105 to peer 0x564d67a1cc80 (14 bytes)
1685302707.071037 sending message 105 to peer 0x564d67a1cc80 (32 bytes)
1685302707.071041 sending message 105 to peer 0x564d67a1cc80 (33 bytes)
1685302707.071044 sending message 105 to peer 0x564d67a1cc80 (65 bytes)
1685302707.071047 sending message 105 to peer 0x564d67a1cc80 (165 bytes)
1685302707.071050 sending message 105 to peer 0x564d67a1cc80 (54 bytes)
1685302707.071052 sending message 105 to peer 0x564d67a1cc80 (52 bytes)
1685302707.071055 sending message 105 to peer 0x564d67a1cc80 (16 bytes)
1685302707.071058 sending message 105 to peer 0x564d67a1cc80 (40 bytes)
1685302707.071060 sending message 105 to peer 0x564d67a1cc80 (53 bytes)
1685302707.071063 sending message 105 to peer 0x564d67a1cc80 (16 bytes)
1685302707.071065 sending message 106 to peer 0x564d67a1cc80 (0 bytes)
1685302707.071068 sending message 200 to peer 0x564d67a1cc80 (4 bytes)
1685302707.071071 client loop enter
1685302707.071438 peer 0x564d67a1cc80 message 211
1685302707.071445 client_write: sessions should be nested with care, unset $TMUX to force\n
1685302707.071470 peer 0x564d67a1cc80 message 203
1685302707.071475 client loop exit
